2026-02-28 18:49:01,215 [INFO] === Запуск Excel Route Manager ===
2026-02-28 18:49:01,272 [INFO] Переход на стартовую страницу
2026-02-28 18:49:01,273 [DEBUG] navigate -> home
2026-02-28 18:49:01,273 [DEBUG] Создаём страницу: home
2026-02-28 18:49:02,311 [DEBUG] Страница 'home' создана, idx=0
2026-02-28 18:49:02,479 [INFO] Окно показано, запускаем event loop
2026-02-28 18:49:08,334 [DEBUG] navigate -> preview_general
2026-02-28 18:49:08,334 [DEBUG] Создаём страницу: preview_general
2026-02-28 18:49:08,424 [DEBUG] Страница 'preview_general' создана, idx=1
2026-02-28 18:49:08,433 [DEBUG] refresh called
2026-02-28 18:49:08,434 [DEBUG] _render_table called, rendering=False
2026-02-28 18:49:08,435 [DEBUG] RenderWorker start: 219 routes, mode=full
2026-02-28 18:49:10,947 [DEBUG] _on_render_done: 7057 rows
2026-02-28 18:49:10,948 [DEBUG] _on_render_done done
2026-02-28 18:49:14,002 [DEBUG] route_num_saved: Номер маршрута не определен -> 1
2026-02-28 18:49:35,267 [DEBUG] navigate -> preview_dept
2026-02-28 18:49:35,267 [DEBUG] Создаём страницу: preview_dept
2026-02-28 18:49:35,296 [DEBUG] Страница 'preview_dept' создана, idx=2
2026-02-28 18:55:19,812 [DEBUG] navigate -> settings
2026-02-28 18:55:19,812 [DEBUG] Создаём страницу: settings
2026-02-28 18:55:19,996 [DEBUG] Страница 'settings' создана, idx=3
2026-02-28 18:55:27,408 [DEBUG] navigate -> home
2026-02-28 18:55:33,654 [DEBUG] navigate -> settings
2026-02-28 19:00:58,240 [DEBUG] navigate -> home
2026-02-28 19:01:02,563 [DEBUG] navigate -> preview_general
2026-02-28 19:01:02,593 [DEBUG] refresh called
2026-02-28 19:01:02,594 [DEBUG] _render_table called, rendering=False
2026-02-28 19:01:02,594 [DEBUG] RenderWorker start: 219 routes, mode=full
2026-02-28 19:01:05,130 [DEBUG] _on_render_done: 7057 rows
2026-02-28 19:01:05,209 [DEBUG] _on_render_done done
2026-02-28 19:16:20,496 [DEBUG] navigate -> products
2026-02-28 19:16:20,497 [DEBUG] Создаём страницу: products
2026-02-28 19:16:20,521 [CRITICAL] Ошибка при создании страницы 'products':
Traceback (most recent call last):
  File "c:\Users\geniy\OneDrive\Рабочий стол\Python_Exel_Redactior\Test\excel_route_py\app.py", line 157, in _get_page
    from ui.pages.products_page import ProductsPage
ImportError: cannot import name 'ProductsPage' from 'ui.pages.products_page' (c:\Users\geniy\OneDrive\Рабочий стол\Python_Exel_Redactior\Test\excel_route_py\ui\pages\products_page.py)

2026-02-28 19:16:20,521 [CRITICAL] Ошибка при переходе на страницу 'products':
Traceback (most recent call last):
  File "c:\Users\geniy\OneDrive\Рабочий стол\Python_Exel_Redactior\Test\excel_route_py\app.py", line 183, in navigate
    page = _get_page(page_name)
  File "c:\Users\geniy\OneDrive\Рабочий стол\Python_Exel_Redactior\Test\excel_route_py\app.py", line 157, in _get_page
    from ui.pages.products_page import ProductsPage
ImportError: cannot import name 'ProductsPage' from 'ui.pages.products_page' (c:\Users\geniy\OneDrive\Рабочий стол\Python_Exel_Redactior\Test\excel_route_py\ui\pages\products_page.py)

2026-02-28 19:16:24,318 [DEBUG] navigate -> products
2026-02-28 19:16:24,318 [DEBUG] Создаём страницу: products
2026-02-28 19:16:24,319 [CRITICAL] Ошибка при создании страницы 'products':
Traceback (most recent call last):
  File "c:\Users\geniy\OneDrive\Рабочий стол\Python_Exel_Redactior\Test\excel_route_py\app.py", line 157, in _get_page
    from ui.pages.products_page import ProductsPage
ImportError: cannot import name 'ProductsPage' from 'ui.pages.products_page' (c:\Users\geniy\OneDrive\Рабочий стол\Python_Exel_Redactior\Test\excel_route_py\ui\pages\products_page.py)

2026-02-28 19:16:24,320 [CRITICAL] Ошибка при переходе на страницу 'products':
Traceback (most recent call last):
  File "c:\Users\geniy\OneDrive\Рабочий стол\Python_Exel_Redactior\Test\excel_route_py\app.py", line 183, in navigate
    page = _get_page(page_name)
  File "c:\Users\geniy\OneDrive\Рабочий стол\Python_Exel_Redactior\Test\excel_route_py\app.py", line 157, in _get_page
    from ui.pages.products_page import ProductsPage
ImportError: cannot import name 'ProductsPage' from 'ui.pages.products_page' (c:\Users\geniy\OneDrive\Рабочий стол\Python_Exel_Redactior\Test\excel_route_py\ui\pages\products_page.py)

2026-02-28 19:16:35,483 [DEBUG] navigate -> products
2026-02-28 19:16:35,483 [DEBUG] Создаём страницу: products
2026-02-28 19:16:35,484 [CRITICAL] Ошибка при создании страницы 'products':
Traceback (most recent call last):
  File "c:\Users\geniy\OneDrive\Рабочий стол\Python_Exel_Redactior\Test\excel_route_py\app.py", line 157, in _get_page
    from ui.pages.products_page import ProductsPage
ImportError: cannot import name 'ProductsPage' from 'ui.pages.products_page' (c:\Users\geniy\OneDrive\Рабочий стол\Python_Exel_Redactior\Test\excel_route_py\ui\pages\products_page.py)

2026-02-28 19:16:35,485 [CRITICAL] Ошибка при переходе на страницу 'products':
Traceback (most recent call last):
  File "c:\Users\geniy\OneDrive\Рабочий стол\Python_Exel_Redactior\Test\excel_route_py\app.py", line 183, in navigate
    page = _get_page(page_name)
  File "c:\Users\geniy\OneDrive\Рабочий стол\Python_Exel_Redactior\Test\excel_route_py\app.py", line 157, in _get_page
    from ui.pages.products_page import ProductsPage
ImportError: cannot import name 'ProductsPage' from 'ui.pages.products_page' (c:\Users\geniy\OneDrive\Рабочий стол\Python_Exel_Redactior\Test\excel_route_py\ui\pages\products_page.py)

2026-02-28 19:16:40,315 [DEBUG] route_num_saved: Номер маршрута не определен -> 1
2026-02-28 19:16:45,134 [DEBUG] navigate -> products
2026-02-28 19:16:45,134 [DEBUG] Создаём страницу: products
2026-02-28 19:16:45,135 [CRITICAL] Ошибка при создании страницы 'products':
Traceback (most recent call last):
  File "c:\Users\geniy\OneDrive\Рабочий стол\Python_Exel_Redactior\Test\excel_route_py\app.py", line 157, in _get_page
    from ui.pages.products_page import ProductsPage
ImportError: cannot import name 'ProductsPage' from 'ui.pages.products_page' (c:\Users\geniy\OneDrive\Рабочий стол\Python_Exel_Redactior\Test\excel_route_py\ui\pages\products_page.py)

2026-02-28 19:16:45,136 [CRITICAL] Ошибка при переходе на страницу 'products':
Traceback (most recent call last):
  File "c:\Users\geniy\OneDrive\Рабочий стол\Python_Exel_Redactior\Test\excel_route_py\app.py", line 183, in navigate
    page = _get_page(page_name)
  File "c:\Users\geniy\OneDrive\Рабочий стол\Python_Exel_Redactior\Test\excel_route_py\app.py", line 157, in _get_page
    from ui.pages.products_page import ProductsPage
ImportError: cannot import name 'ProductsPage' from 'ui.pages.products_page' (c:\Users\geniy\OneDrive\Рабочий стол\Python_Exel_Redactior\Test\excel_route_py\ui\pages\products_page.py)

2026-02-28 19:20:23,932 [DEBUG] navigate -> settings
2026-02-28 19:20:26,503 [DEBUG] navigate -> templates
2026-02-28 19:20:26,503 [DEBUG] Создаём страницу: templates
2026-02-28 19:20:26,514 [CRITICAL] Ошибка при создании страницы 'templates':
Traceback (most recent call last):
  File "c:\Users\geniy\OneDrive\Рабочий стол\Python_Exel_Redactior\Test\excel_route_py\app.py", line 136, in _get_page
    from ui.pages.templates_page import TemplatesPage
ImportError: cannot import name 'TemplatesPage' from 'ui.pages.templates_page' (c:\Users\geniy\OneDrive\Рабочий стол\Python_Exel_Redactior\Test\excel_route_py\ui\pages\templates_page.py)

2026-02-28 19:20:26,515 [CRITICAL] Ошибка при переходе на страницу 'templates':
Traceback (most recent call last):
  File "c:\Users\geniy\OneDrive\Рабочий стол\Python_Exel_Redactior\Test\excel_route_py\app.py", line 183, in navigate
    page = _get_page(page_name)
  File "c:\Users\geniy\OneDrive\Рабочий стол\Python_Exel_Redactior\Test\excel_route_py\app.py", line 136, in _get_page
    from ui.pages.templates_page import TemplatesPage
ImportError: cannot import name 'TemplatesPage' from 'ui.pages.templates_page' (c:\Users\geniy\OneDrive\Рабочий стол\Python_Exel_Redactior\Test\excel_route_py\ui\pages\templates_page.py)

2026-02-28 19:20:28,147 [DEBUG] navigate -> departments
2026-02-28 19:20:28,147 [DEBUG] Создаём страницу: departments
2026-02-28 19:20:28,148 [CRITICAL] Ошибка при создании страницы 'departments':
Traceback (most recent call last):
  File "c:\Users\geniy\OneDrive\Рабочий стол\Python_Exel_Redactior\Test\excel_route_py\app.py", line 131, in _get_page
    from ui.pages.departments_page import DepartmentsPage
ImportError: cannot import name 'DepartmentsPage' from 'ui.pages.departments_page' (c:\Users\geniy\OneDrive\Рабочий стол\Python_Exel_Redactior\Test\excel_route_py\ui\pages\departments_page.py)

2026-02-28 19:20:28,149 [CRITICAL] Ошибка при переходе на страницу 'departments':
Traceback (most recent call last):
  File "c:\Users\geniy\OneDrive\Рабочий стол\Python_Exel_Redactior\Test\excel_route_py\app.py", line 183, in navigate
    page = _get_page(page_name)
  File "c:\Users\geniy\OneDrive\Рабочий стол\Python_Exel_Redactior\Test\excel_route_py\app.py", line 131, in _get_page
    from ui.pages.departments_page import DepartmentsPage
ImportError: cannot import name 'DepartmentsPage' from 'ui.pages.departments_page' (c:\Users\geniy\OneDrive\Рабочий стол\Python_Exel_Redactior\Test\excel_route_py\ui\pages\departments_page.py)

2026-02-28 19:20:29,344 [DEBUG] navigate -> products
2026-02-28 19:20:29,345 [DEBUG] Создаём страницу: products
2026-02-28 19:20:29,345 [CRITICAL] Ошибка при создании страницы 'products':
Traceback (most recent call last):
  File "c:\Users\geniy\OneDrive\Рабочий стол\Python_Exel_Redactior\Test\excel_route_py\app.py", line 157, in _get_page
    from ui.pages.products_page import ProductsPage
ImportError: cannot import name 'ProductsPage' from 'ui.pages.products_page' (c:\Users\geniy\OneDrive\Рабочий стол\Python_Exel_Redactior\Test\excel_route_py\ui\pages\products_page.py)

2026-02-28 19:20:29,346 [CRITICAL] Ошибка при переходе на страницу 'products':
Traceback (most recent call last):
  File "c:\Users\geniy\OneDrive\Рабочий стол\Python_Exel_Redactior\Test\excel_route_py\app.py", line 183, in navigate
    page = _get_page(page_name)
  File "c:\Users\geniy\OneDrive\Рабочий стол\Python_Exel_Redactior\Test\excel_route_py\app.py", line 157, in _get_page
    from ui.pages.products_page import ProductsPage
ImportError: cannot import name 'ProductsPage' from 'ui.pages.products_page' (c:\Users\geniy\OneDrive\Рабочий стол\Python_Exel_Redactior\Test\excel_route_py\ui\pages\products_page.py)

2026-02-28 19:20:42,469 [DEBUG] navigate -> settings
2026-02-28 19:20:49,621 [INFO] Приложение завершено с кодом 0
2026-02-28 19:22:19,294 [INFO] === Запуск Excel Route Manager ===
2026-02-28 19:22:19,396 [INFO] Переход на стартовую страницу
2026-02-28 19:22:19,396 [DEBUG] navigate -> home
2026-02-28 19:22:19,396 [DEBUG] Создаём страницу: home
2026-02-28 19:22:20,489 [DEBUG] Страница 'home' создана, idx=0
2026-02-28 19:22:20,598 [INFO] Окно показано, запускаем event loop
2026-02-28 19:22:27,716 [INFO] Приложение завершено с кодом 0
2026-02-28 20:06:11,827 [INFO] === Запуск Excel Route Manager ===
2026-02-28 20:06:11,976 [INFO] Переход на стартовую страницу
2026-02-28 20:06:11,976 [DEBUG] navigate -> home
2026-02-28 20:06:11,976 [DEBUG] Создаём страницу: home
2026-02-28 20:06:13,101 [DEBUG] Страница 'home' создана, idx=0
2026-02-28 20:06:13,254 [INFO] Окно показано, запускаем event loop
2026-02-28 20:06:21,590 [DEBUG] navigate -> preview_general
2026-02-28 20:06:21,590 [DEBUG] Создаём страницу: preview_general
2026-02-28 20:06:21,708 [DEBUG] Страница 'preview_general' создана, idx=1
2026-02-28 20:06:21,723 [DEBUG] refresh called
2026-02-28 20:06:21,725 [DEBUG] _render_table called, rendering=False
2026-02-28 20:06:21,725 [DEBUG] RenderWorker start: 219 routes, mode=full, sort=desc
2026-02-28 20:06:24,285 [DEBUG] _on_render_done: 7057 rows
2026-02-28 20:06:24,314 [DEBUG] _on_render_done done
2026-02-28 20:06:29,700 [DEBUG] route_num_saved: 'Номер маршрута не определен' -> '1', id=2112266408256
2026-02-28 20:06:29,700 [DEBUG]   route['routeNum'] после изменения: '1'
2026-02-28 20:06:29,700 [WARNING] route_num_saved: маршрут НЕ найден в filteredRoutes (id=2112266408256) -- изменение потеряется! filteredRoutes ids: [2111726474944, 2112264256768, 2112264011712, 2112260702080, 2112260702016]
2026-02-28 20:06:29,729 [DEBUG] _render_table called, rendering=False
2026-02-28 20:06:29,730 [DEBUG] RenderWorker start: 219 routes, mode=full, sort=desc
2026-02-28 20:06:29,730 [DEBUG] route_num_saved done, no_num_count=1
2026-02-28 20:06:32,174 [DEBUG] _on_render_done: 7057 rows
2026-02-28 20:06:32,310 [DEBUG] _on_render_done done
2026-02-28 20:06:39,661 [DEBUG] route_num_saved: '50' -> '0', id=2112660875200
2026-02-28 20:06:39,661 [DEBUG]   route['routeNum'] после изменения: '0'
2026-02-28 20:06:39,661 [WARNING] route_num_saved: маршрут НЕ найден в filteredRoutes (id=2112660875200) -- изменение потеряется! filteredRoutes ids: [2111726474944, 2112264256768, 2112264011712, 2112260702080, 2112260702016]
2026-02-28 20:06:39,690 [DEBUG] _render_table called, rendering=False
2026-02-28 20:06:39,691 [DEBUG] RenderWorker start: 219 routes, mode=full, sort=desc
2026-02-28 20:06:39,691 [DEBUG] route_num_saved done, no_num_count=1
2026-02-28 20:06:42,098 [DEBUG] _on_render_done: 7057 rows
2026-02-28 20:06:42,173 [DEBUG] _on_render_done done
2026-02-28 20:06:47,335 [DEBUG] _render_table called, rendering=False
2026-02-28 20:06:47,335 [DEBUG] RenderWorker start: 219 routes, mode=full, sort=asc
2026-02-28 20:06:49,710 [DEBUG] _on_render_done: 7057 rows
2026-02-28 20:06:49,783 [DEBUG] _on_render_done done
2026-02-28 20:06:50,000 [DEBUG] _render_table called, rendering=False
2026-02-28 20:06:50,000 [DEBUG] RenderWorker start: 219 routes, mode=full, sort=desc
2026-02-28 20:06:52,413 [DEBUG] _on_render_done: 7057 rows
2026-02-28 20:06:52,491 [DEBUG] _on_render_done done
2026-02-28 20:06:53,816 [DEBUG] _render_table called, rendering=False
2026-02-28 20:06:53,816 [DEBUG] RenderWorker start: 219 routes, mode=addr, sort=desc
2026-02-28 20:06:53,890 [DEBUG] _on_render_done: 219 rows
2026-02-28 20:06:53,987 [DEBUG] _on_render_done done
2026-02-28 20:06:55,222 [DEBUG] _render_table called, rendering=False
2026-02-28 20:06:55,222 [DEBUG] RenderWorker start: 219 routes, mode=addr, sort=asc
2026-02-28 20:06:55,295 [DEBUG] _on_render_done: 219 rows
2026-02-28 20:06:55,298 [DEBUG] _on_render_done done
2026-02-28 20:06:56,793 [DEBUG] _render_table called, rendering=False
2026-02-28 20:06:56,794 [DEBUG] RenderWorker start: 219 routes, mode=addr, sort=desc
2026-02-28 20:06:56,868 [DEBUG] _on_render_done: 219 rows
2026-02-28 20:06:56,870 [DEBUG] _on_render_done done
2026-02-28 20:07:02,823 [DEBUG] route_num_saved: 'Номер маршрута не определен' -> '0', id=2112658057472
2026-02-28 20:07:02,824 [DEBUG]   route['routeNum'] после изменения: '0'
2026-02-28 20:07:02,824 [WARNING] route_num_saved: маршрут НЕ найден в filteredRoutes (id=2112658057472) -- изменение потеряется! filteredRoutes ids: [2111726474944, 2112264256768, 2112264011712, 2112260702080, 2112260702016]
2026-02-28 20:07:02,830 [DEBUG] _render_table called, rendering=False
2026-02-28 20:07:02,830 [DEBUG] RenderWorker start: 219 routes, mode=addr, sort=desc
2026-02-28 20:07:02,831 [DEBUG] route_num_saved done, no_num_count=1
2026-02-28 20:07:02,905 [DEBUG] _on_render_done: 219 rows
2026-02-28 20:07:02,907 [DEBUG] _on_render_done done
2026-02-28 20:07:27,005 [DEBUG] route_num_saved: 'Номер маршрута не определен' -> '0', id=2112657681792
2026-02-28 20:07:27,005 [DEBUG]   route['routeNum'] после изменения: '0'
2026-02-28 20:07:27,005 [WARNING] route_num_saved: маршрут НЕ найден в filteredRoutes (id=2112657681792) -- изменение потеряется! filteredRoutes ids: [2111726474944, 2112264256768, 2112264011712, 2112260702080, 2112260702016]
2026-02-28 20:07:27,013 [DEBUG] _render_table called, rendering=False
2026-02-28 20:07:27,013 [DEBUG] RenderWorker start: 219 routes, mode=addr, sort=desc
2026-02-28 20:07:27,014 [DEBUG] route_num_saved done, no_num_count=1
2026-02-28 20:07:27,103 [DEBUG] _on_render_done: 219 rows
2026-02-28 20:07:27,106 [DEBUG] _on_render_done done
2026-02-28 20:07:34,412 [INFO] Приложение завершено с кодом 0
2026-02-28 20:18:20,234 [INFO] === Запуск Excel Route Manager ===
2026-02-28 20:18:20,327 [INFO] Переход на стартовую страницу
2026-02-28 20:18:20,327 [DEBUG] navigate -> home
2026-02-28 20:18:20,327 [DEBUG] Создаём страницу: home
2026-02-28 20:18:21,395 [DEBUG] Страница 'home' создана, idx=0
2026-02-28 20:18:21,513 [INFO] Окно показано, запускаем event loop
2026-02-28 20:19:10,876 [INFO] Приложение завершено с кодом 0
2026-02-28 20:23:03,349 [INFO] === Запуск Excel Route Manager ===
2026-02-28 20:23:03,439 [INFO] Переход на стартовую страницу
2026-02-28 20:23:03,439 [DEBUG] navigate -> home
2026-02-28 20:23:03,439 [DEBUG] Создаём страницу: home
2026-02-28 20:23:04,676 [DEBUG] Страница 'home' создана, idx=0
2026-02-28 20:23:04,833 [INFO] Окно показано, запускаем event loop
2026-02-28 20:23:23,271 [DEBUG] navigate -> preview_general
2026-02-28 20:23:23,272 [DEBUG] Создаём страницу: preview_general
2026-02-28 20:23:23,370 [DEBUG] Страница 'preview_general' создана, idx=1
2026-02-28 20:23:23,384 [DEBUG] refresh called
2026-02-28 20:23:23,385 [DEBUG] _render_table called, rendering=False
2026-02-28 20:23:23,386 [DEBUG] RenderWorker start: 219 routes, mode=full, sort=desc
2026-02-28 20:23:26,040 [DEBUG] _on_render_done: 7057 rows
2026-02-28 20:23:26,071 [DEBUG] _on_render_done done
2026-02-28 20:23:37,373 [DEBUG] route_num_saved: 'Номер маршрута не определен' -> '1', id=2990796226816
2026-02-28 20:23:37,374 [DEBUG]   route['routeNum'] после изменения: '1'
2026-02-28 20:23:37,374 [WARNING] route_num_saved: маршрут НЕ найден в filteredRoutes (id=2990796226816) -- изменение потеряется! filteredRoutes ids: [2990290573632, 2990794095680, 2990790604992, 2990790508288, 2990790508224]
2026-02-28 20:23:37,404 [DEBUG] _render_table called, rendering=False
2026-02-28 20:23:37,404 [DEBUG] RenderWorker start: 219 routes, mode=full, sort=desc
2026-02-28 20:23:37,406 [DEBUG] route_num_saved done, no_num_count=1
2026-02-28 20:23:39,913 [DEBUG] _on_render_done: 7057 rows
2026-02-28 20:23:40,017 [DEBUG] _on_render_done done
2026-02-28 20:23:44,323 [DEBUG] route_num_saved: 'Номер маршрута не определен' -> '1', id=2991189272064
2026-02-28 20:23:44,323 [DEBUG]   route['routeNum'] после изменения: '1'
2026-02-28 20:23:44,323 [WARNING] route_num_saved: маршрут НЕ найден в filteredRoutes (id=2991189272064) -- изменение потеряется! filteredRoutes ids: [2990290573632, 2990794095680, 2990790604992, 2990790508288, 2990790508224]
2026-02-28 20:23:44,355 [DEBUG] _render_table called, rendering=False
2026-02-28 20:23:44,355 [DEBUG] RenderWorker start: 219 routes, mode=full, sort=desc
2026-02-28 20:23:44,356 [DEBUG] route_num_saved done, no_num_count=1
2026-02-28 20:23:46,848 [DEBUG] _on_render_done: 7057 rows
2026-02-28 20:23:46,924 [DEBUG] _on_render_done done
2026-02-28 20:26:45,312 [INFO] Приложение завершено с кодом 0
2026-02-28 20:29:31,320 [INFO] === Запуск Excel Route Manager ===
2026-02-28 20:29:31,394 [INFO] Переход на стартовую страницу
2026-02-28 20:29:31,395 [DEBUG] navigate -> home
2026-02-28 20:29:31,395 [DEBUG] Создаём страницу: home
2026-02-28 20:29:32,268 [DEBUG] Страница 'home' создана, idx=0
2026-02-28 20:29:32,349 [INFO] Окно показано, запускаем event loop
2026-02-28 20:29:48,269 [DEBUG] navigate -> preview_general
2026-02-28 20:29:48,269 [DEBUG] Создаём страницу: preview_general
2026-02-28 20:29:48,351 [DEBUG] Страница 'preview_general' создана, idx=1
2026-02-28 20:29:48,362 [DEBUG] refresh called
2026-02-28 20:29:48,363 [DEBUG] _render_table called, rendering=False
2026-02-28 20:29:48,363 [DEBUG] RenderWorker start: 219 routes, mode=full, sort=desc
2026-02-28 20:29:50,907 [DEBUG] _on_render_done: 7057 rows
2026-02-28 20:29:50,919 [DEBUG] _on_render_done done
2026-02-28 20:29:55,560 [DEBUG] route_num_saved: 'Номер маршрута не определен' -> '1', id=2430317742336
2026-02-28 20:29:55,561 [DEBUG] route_num_saved: fallback по address, обновлён filteredRoutes[137]
2026-02-28 20:29:55,564 [DEBUG] _render_table called, rendering=False
2026-02-28 20:29:55,564 [DEBUG] RenderWorker start: 219 routes, mode=full, sort=desc
2026-02-28 20:29:55,565 [DEBUG] route_num_saved done, no_num_count=0
2026-02-28 20:29:58,090 [DEBUG] _on_render_done: 7057 rows
2026-02-28 20:29:58,167 [DEBUG] _on_render_done done
2026-02-28 20:30:04,198 [DEBUG] _render_table called, rendering=False
2026-02-28 20:30:04,198 [DEBUG] RenderWorker start: 219 routes, mode=full, sort=asc
2026-02-28 20:30:06,743 [DEBUG] _on_render_done: 7057 rows
2026-02-28 20:30:06,820 [DEBUG] _on_render_done done
2026-02-28 20:30:09,684 [DEBUG] _render_table called, rendering=False
2026-02-28 20:30:09,684 [DEBUG] RenderWorker start: 219 routes, mode=full, sort=desc
2026-02-28 20:30:12,182 [DEBUG] _on_render_done: 7057 rows
2026-02-28 20:30:12,255 [DEBUG] _on_render_done done
2026-02-28 20:30:14,007 [DEBUG] _render_table called, rendering=False
2026-02-28 20:30:14,007 [DEBUG] RenderWorker start: 219 routes, mode=addr, sort=desc
2026-02-28 20:30:14,088 [DEBUG] _on_render_done: 219 rows
2026-02-28 20:30:14,172 [DEBUG] _on_render_done done
2026-02-28 20:30:15,478 [DEBUG] _render_table called, rendering=False
2026-02-28 20:30:15,478 [DEBUG] RenderWorker start: 219 routes, mode=addr, sort=asc
2026-02-28 20:30:15,556 [DEBUG] _on_render_done: 219 rows
2026-02-28 20:30:15,559 [DEBUG] _on_render_done done
2026-02-28 20:30:22,928 [DEBUG] route_num_saved: '1' -> '0', id=2430317742336
2026-02-28 20:30:22,929 [DEBUG] route_num_saved: fallback по address, обновлён filteredRoutes[137]
2026-02-28 20:30:22,929 [DEBUG] _render_table called, rendering=False
2026-02-28 20:30:22,929 [DEBUG] RenderWorker start: 219 routes, mode=addr, sort=asc
2026-02-28 20:30:22,930 [DEBUG] route_num_saved done, no_num_count=0
2026-02-28 20:30:23,007 [DEBUG] _on_render_done: 219 rows
2026-02-28 20:30:23,010 [DEBUG] _on_render_done done
2026-02-28 20:30:30,597 [DEBUG] navigate -> preview_dept
2026-02-28 20:30:30,597 [DEBUG] Создаём страницу: preview_dept
2026-02-28 20:30:30,631 [DEBUG] Страница 'preview_dept' создана, idx=2
2026-02-28 20:31:18,394 [DEBUG] navigate -> settings
2026-02-28 20:31:18,394 [DEBUG] Создаём страницу: settings
2026-02-28 20:31:18,575 [DEBUG] Страница 'settings' создана, idx=3
2026-02-28 20:31:33,748 [INFO] Приложение завершено с кодом 0
2026-02-28 20:45:43,210 [INFO] === Запуск Excel Route Manager ===
2026-02-28 20:45:43,308 [INFO] Переход на стартовую страницу
2026-02-28 20:45:43,308 [DEBUG] navigate -> home
2026-02-28 20:45:43,308 [DEBUG] Создаём страницу: home
2026-02-28 20:45:44,054 [DEBUG] Страница 'home' создана, idx=0
2026-02-28 20:45:44,134 [INFO] Окно показано, запускаем event loop
2026-02-28 20:47:35,745 [DEBUG] navigate -> preview_general
2026-02-28 20:47:35,745 [DEBUG] Создаём страницу: preview_general
2026-02-28 20:47:35,797 [DEBUG] Страница 'preview_general' создана, idx=1
2026-02-28 20:47:35,808 [DEBUG] refresh called
2026-02-28 20:47:35,810 [DEBUG] _render_table called, rendering=False
2026-02-28 20:47:35,810 [DEBUG] RenderWorker start: 219 routes, mode=full, sort=desc
2026-02-28 20:47:38,418 [DEBUG] _on_render_done: 7057 rows
2026-02-28 20:47:38,431 [DEBUG] _on_render_done done
2026-02-28 20:47:42,701 [DEBUG] _render_table called, rendering=False
2026-02-28 20:47:42,701 [DEBUG] RenderWorker start: 219 routes, mode=addr, sort=desc
2026-02-28 20:47:42,780 [DEBUG] _on_render_done: 219 rows
2026-02-28 20:47:42,852 [DEBUG] _on_render_done done
2026-02-28 20:47:55,188 [DEBUG] route_num_saved: 'Номер маршрута не определен' -> '0', id=2766872965056
2026-02-28 20:47:55,188 [DEBUG] route_num_saved: fallback по address, обновлён filteredRoutes[137]
2026-02-28 20:47:55,188 [DEBUG] _render_table called, rendering=False
2026-02-28 20:47:55,188 [DEBUG] RenderWorker start: 219 routes, mode=addr, sort=desc
2026-02-28 20:47:55,189 [DEBUG] route_num_saved done, no_num_count=0
2026-02-28 20:47:55,269 [DEBUG] _on_render_done: 219 rows
2026-02-28 20:47:55,273 [DEBUG] _on_render_done done
2026-02-28 20:48:01,420 [DEBUG] _render_table called, rendering=False
2026-02-28 20:48:01,420 [DEBUG] RenderWorker start: 219 routes, mode=full, sort=desc
2026-02-28 20:48:03,917 [DEBUG] _on_render_done: 7057 rows
2026-02-28 20:48:03,923 [DEBUG] _on_render_done done
2026-02-28 20:48:06,029 [DEBUG] _render_table called, rendering=False
2026-02-28 20:48:06,029 [DEBUG] RenderWorker start: 219 routes, mode=full, sort=asc
2026-02-28 20:48:08,542 [DEBUG] _on_render_done: 7057 rows
2026-02-28 20:48:08,623 [DEBUG] _on_render_done done
2026-02-28 20:48:13,066 [DEBUG] _render_table called, rendering=False
2026-02-28 20:48:13,066 [DEBUG] RenderWorker start: 219 routes, mode=full, sort=asc
2026-02-28 20:48:15,083 [DEBUG] _on_render_done: 5411 rows
2026-02-28 20:48:15,166 [DEBUG] _on_render_done done
2026-02-28 20:48:21,132 [DEBUG] _render_table called, rendering=False
2026-02-28 20:48:21,132 [DEBUG] RenderWorker start: 219 routes, mode=product, sort=asc
2026-02-28 20:48:21,249 [DEBUG] _on_render_done: 312 rows
2026-02-28 20:48:21,308 [DEBUG] _on_render_done done
2026-02-28 20:48:38,926 [DEBUG] navigate -> preview_dept
2026-02-28 20:48:38,926 [DEBUG] Создаём страницу: preview_dept
2026-02-28 20:48:38,932 [DEBUG] Страница 'preview_dept' создана, idx=2
2026-02-28 20:49:29,858 [INFO] Приложение завершено с кодом 0
2026-02-28 21:02:23,148 [INFO] === Запуск Excel Route Manager ===
2026-02-28 21:02:23,218 [INFO] Переход на стартовую страницу
2026-02-28 21:02:23,219 [DEBUG] navigate -> home
2026-02-28 21:02:23,219 [DEBUG] Создаём страницу: home
2026-02-28 21:02:23,938 [DEBUG] Страница 'home' создана, idx=0
2026-02-28 21:02:24,082 [INFO] Окно показано, запускаем event loop
2026-02-28 21:02:47,100 [DEBUG] navigate -> preview_general
2026-02-28 21:02:47,101 [DEBUG] Создаём страницу: preview_general
2026-02-28 21:02:47,192 [DEBUG] Страница 'preview_general' создана, idx=1
2026-02-28 21:02:47,206 [DEBUG] refresh called
2026-02-28 21:02:47,208 [DEBUG] _render_table called, rendering=False
2026-02-28 21:02:47,208 [DEBUG] RenderWorker start: 219 routes, mode=full, sort=desc
2026-02-28 21:02:49,746 [DEBUG] _on_render_done: 7057 rows
2026-02-28 21:02:49,770 [DEBUG] _on_render_done done
2026-02-28 21:02:54,009 [DEBUG] route_num_saved: 'Номер маршрута не определен' -> '0', id=2436434151488
2026-02-28 21:02:54,009 [DEBUG] route_num_saved: fallback по address, обновлён filteredRoutes[137]
2026-02-28 21:02:54,011 [DEBUG] _render_table called, rendering=False
2026-02-28 21:02:54,012 [DEBUG] RenderWorker start: 219 routes, mode=full, sort=desc
2026-02-28 21:02:54,012 [DEBUG] route_num_saved done, no_num_count=0
2026-02-28 21:02:56,480 [DEBUG] _on_render_done: 7057 rows
2026-02-28 21:02:56,576 [DEBUG] _on_render_done done
2026-02-28 21:03:00,103 [DEBUG] navigate -> preview_dept
2026-02-28 21:03:00,104 [DEBUG] Создаём страницу: preview_dept
2026-02-28 21:03:00,127 [DEBUG] Страница 'preview_dept' создана, idx=2
2026-02-28 21:07:33,440 [DEBUG] settings_modal: on_saved — обновляем превью-страницы
2026-02-28 21:07:33,440 [DEBUG] _render_table called, rendering=False
2026-02-28 21:07:33,440 [DEBUG] RenderWorker start: 219 routes, mode=full, sort=desc
2026-02-28 21:07:36,934 [DEBUG] _on_render_done: 7057 rows
2026-02-28 21:07:37,011 [DEBUG] _on_render_done done
2026-02-28 21:16:54,707 [DEBUG] navigate -> templates
2026-02-28 21:16:54,708 [DEBUG] Создаём страницу: templates
2026-02-28 21:16:54,735 [CRITICAL] Ошибка при создании страницы 'templates':
Traceback (most recent call last):
  File "c:\Users\geniy\OneDrive\Рабочий стол\Python_Exel_Redactior\Test\excel_route_py\app.py", line 137, in _get_page
    from ui.pages.templates_page import TemplatesPage
ImportError: cannot import name 'TemplatesPage' from 'ui.pages.templates_page' (c:\Users\geniy\OneDrive\Рабочий стол\Python_Exel_Redactior\Test\excel_route_py\ui\pages\templates_page.py)

2026-02-28 21:16:54,736 [CRITICAL] Ошибка при переходе на страницу 'templates':
Traceback (most recent call last):
  File "c:\Users\geniy\OneDrive\Рабочий стол\Python_Exel_Redactior\Test\excel_route_py\app.py", line 181, in navigate
    page = _get_page(page_name)
  File "c:\Users\geniy\OneDrive\Рабочий стол\Python_Exel_Redactior\Test\excel_route_py\app.py", line 137, in _get_page
    from ui.pages.templates_page import TemplatesPage
ImportError: cannot import name 'TemplatesPage' from 'ui.pages.templates_page' (c:\Users\geniy\OneDrive\Рабочий стол\Python_Exel_Redactior\Test\excel_route_py\ui\pages\templates_page.py)

2026-02-28 21:16:59,417 [DEBUG] navigate -> templates
2026-02-28 21:16:59,417 [DEBUG] Создаём страницу: templates
2026-02-28 21:16:59,418 [CRITICAL] Ошибка при создании страницы 'templates':
Traceback (most recent call last):
  File "c:\Users\geniy\OneDrive\Рабочий стол\Python_Exel_Redactior\Test\excel_route_py\app.py", line 137, in _get_page
    from ui.pages.templates_page import TemplatesPage
ImportError: cannot import name 'TemplatesPage' from 'ui.pages.templates_page' (c:\Users\geniy\OneDrive\Рабочий стол\Python_Exel_Redactior\Test\excel_route_py\ui\pages\templates_page.py)

2026-02-28 21:16:59,419 [CRITICAL] Ошибка при переходе на страницу 'templates':
Traceback (most recent call last):
  File "c:\Users\geniy\OneDrive\Рабочий стол\Python_Exel_Redactior\Test\excel_route_py\app.py", line 181, in navigate
    page = _get_page(page_name)
  File "c:\Users\geniy\OneDrive\Рабочий стол\Python_Exel_Redactior\Test\excel_route_py\app.py", line 137, in _get_page
    from ui.pages.templates_page import TemplatesPage
ImportError: cannot import name 'TemplatesPage' from 'ui.pages.templates_page' (c:\Users\geniy\OneDrive\Рабочий стол\Python_Exel_Redactior\Test\excel_route_py\ui\pages\templates_page.py)

2026-02-28 21:17:07,711 [DEBUG] navigate -> templates
2026-02-28 21:17:07,712 [DEBUG] Создаём страницу: templates
2026-02-28 21:17:07,712 [CRITICAL] Ошибка при создании страницы 'templates':
Traceback (most recent call last):
  File "c:\Users\geniy\OneDrive\Рабочий стол\Python_Exel_Redactior\Test\excel_route_py\app.py", line 137, in _get_page
    from ui.pages.templates_page import TemplatesPage
ImportError: cannot import name 'TemplatesPage' from 'ui.pages.templates_page' (c:\Users\geniy\OneDrive\Рабочий стол\Python_Exel_Redactior\Test\excel_route_py\ui\pages\templates_page.py)

2026-02-28 21:17:07,713 [CRITICAL] Ошибка при переходе на страницу 'templates':
Traceback (most recent call last):
  File "c:\Users\geniy\OneDrive\Рабочий стол\Python_Exel_Redactior\Test\excel_route_py\app.py", line 181, in navigate
    page = _get_page(page_name)
  File "c:\Users\geniy\OneDrive\Рабочий стол\Python_Exel_Redactior\Test\excel_route_py\app.py", line 137, in _get_page
    from ui.pages.templates_page import TemplatesPage
ImportError: cannot import name 'TemplatesPage' from 'ui.pages.templates_page' (c:\Users\geniy\OneDrive\Рабочий стол\Python_Exel_Redactior\Test\excel_route_py\ui\pages\templates_page.py)

2026-02-28 21:17:09,351 [DEBUG] navigate -> departments
2026-02-28 21:17:09,351 [DEBUG] Создаём страницу: departments
2026-02-28 21:17:09,352 [CRITICAL] Ошибка при создании страницы 'departments':
Traceback (most recent call last):
  File "c:\Users\geniy\OneDrive\Рабочий стол\Python_Exel_Redactior\Test\excel_route_py\app.py", line 132, in _get_page
    from ui.pages.departments_page import DepartmentsPage
ImportError: cannot import name 'DepartmentsPage' from 'ui.pages.departments_page' (c:\Users\geniy\OneDrive\Рабочий стол\Python_Exel_Redactior\Test\excel_route_py\ui\pages\departments_page.py)

2026-02-28 21:17:09,353 [CRITICAL] Ошибка при переходе на страницу 'departments':
Traceback (most recent call last):
  File "c:\Users\geniy\OneDrive\Рабочий стол\Python_Exel_Redactior\Test\excel_route_py\app.py", line 181, in navigate
    page = _get_page(page_name)
  File "c:\Users\geniy\OneDrive\Рабочий стол\Python_Exel_Redactior\Test\excel_route_py\app.py", line 132, in _get_page
    from ui.pages.departments_page import DepartmentsPage
ImportError: cannot import name 'DepartmentsPage' from 'ui.pages.departments_page' (c:\Users\geniy\OneDrive\Рабочий стол\Python_Exel_Redactior\Test\excel_route_py\ui\pages\departments_page.py)

2026-02-28 21:17:18,310 [DEBUG] navigate -> home
2026-02-28 21:17:20,361 [DEBUG] navigate -> templates
2026-02-28 21:17:20,361 [DEBUG] Создаём страницу: templates
2026-02-28 21:17:20,361 [CRITICAL] Ошибка при создании страницы 'templates':
Traceback (most recent call last):
  File "c:\Users\geniy\OneDrive\Рабочий стол\Python_Exel_Redactior\Test\excel_route_py\app.py", line 137, in _get_page
    from ui.pages.templates_page import TemplatesPage
ImportError: cannot import name 'TemplatesPage' from 'ui.pages.templates_page' (c:\Users\geniy\OneDrive\Рабочий стол\Python_Exel_Redactior\Test\excel_route_py\ui\pages\templates_page.py)

2026-02-28 21:17:20,363 [CRITICAL] Ошибка при переходе на страницу 'templates':
Traceback (most recent call last):
  File "c:\Users\geniy\OneDrive\Рабочий стол\Python_Exel_Redactior\Test\excel_route_py\app.py", line 181, in navigate
    page = _get_page(page_name)
  File "c:\Users\geniy\OneDrive\Рабочий стол\Python_Exel_Redactior\Test\excel_route_py\app.py", line 137, in _get_page
    from ui.pages.templates_page import TemplatesPage
ImportError: cannot import name 'TemplatesPage' from 'ui.pages.templates_page' (c:\Users\geniy\OneDrive\Рабочий стол\Python_Exel_Redactior\Test\excel_route_py\ui\pages\templates_page.py)

2026-02-28 21:17:21,945 [DEBUG] navigate -> products
2026-02-28 21:17:21,946 [DEBUG] Создаём страницу: products
2026-02-28 21:17:21,963 [CRITICAL] Ошибка при создании страницы 'products':
Traceback (most recent call last):
  File "c:\Users\geniy\OneDrive\Рабочий стол\Python_Exel_Redactior\Test\excel_route_py\app.py", line 155, in _get_page
    from ui.pages.products_page import ProductsPage
ImportError: cannot import name 'ProductsPage' from 'ui.pages.products_page' (c:\Users\geniy\OneDrive\Рабочий стол\Python_Exel_Redactior\Test\excel_route_py\ui\pages\products_page.py)

2026-02-28 21:17:21,964 [CRITICAL] Ошибка при переходе на страницу 'products':
Traceback (most recent call last):
  File "c:\Users\geniy\OneDrive\Рабочий стол\Python_Exel_Redactior\Test\excel_route_py\app.py", line 181, in navigate
    page = _get_page(page_name)
  File "c:\Users\geniy\OneDrive\Рабочий стол\Python_Exel_Redactior\Test\excel_route_py\app.py", line 155, in _get_page
    from ui.pages.products_page import ProductsPage
ImportError: cannot import name 'ProductsPage' from 'ui.pages.products_page' (c:\Users\geniy\OneDrive\Рабочий стол\Python_Exel_Redactior\Test\excel_route_py\ui\pages\products_page.py)

2026-02-28 21:17:28,947 [INFO] Приложение завершено с кодом 0
2026-02-28 21:18:43,885 [INFO] === Запуск Excel Route Manager ===
2026-02-28 21:18:43,941 [INFO] Переход на стартовую страницу
2026-02-28 21:18:43,941 [DEBUG] navigate -> home
2026-02-28 21:18:43,941 [DEBUG] Создаём страницу: home
2026-02-28 21:18:44,554 [DEBUG] Страница 'home' создана, idx=0
2026-02-28 21:18:44,637 [INFO] Окно показано, запускаем event loop
2026-02-28 21:18:54,555 [DEBUG] navigate -> departments
2026-02-28 21:18:54,555 [DEBUG] Создаём страницу: departments
2026-02-28 21:18:54,559 [CRITICAL] Ошибка при создании страницы 'departments':
Traceback (most recent call last):
  File "c:\Users\geniy\OneDrive\Рабочий стол\Python_Exel_Redactior\Test\excel_route_py\app.py", line 132, in _get_page
    from ui.pages.departments_page import DepartmentsPage
ImportError: cannot import name 'DepartmentsPage' from 'ui.pages.departments_page' (c:\Users\geniy\OneDrive\Рабочий стол\Python_Exel_Redactior\Test\excel_route_py\ui\pages\departments_page.py)

2026-02-28 21:18:54,560 [CRITICAL] Ошибка при переходе на страницу 'departments':
Traceback (most recent call last):
  File "c:\Users\geniy\OneDrive\Рабочий стол\Python_Exel_Redactior\Test\excel_route_py\app.py", line 181, in navigate
    page = _get_page(page_name)
  File "c:\Users\geniy\OneDrive\Рабочий стол\Python_Exel_Redactior\Test\excel_route_py\app.py", line 132, in _get_page
    from ui.pages.departments_page import DepartmentsPage
ImportError: cannot import name 'DepartmentsPage' from 'ui.pages.departments_page' (c:\Users\geniy\OneDrive\Рабочий стол\Python_Exel_Redactior\Test\excel_route_py\ui\pages\departments_page.py)

2026-02-28 21:19:08,656 [DEBUG] navigate -> preview_general
2026-02-28 21:19:08,657 [DEBUG] Создаём страницу: preview_general
2026-02-28 21:19:08,721 [DEBUG] Страница 'preview_general' создана, idx=1
2026-02-28 21:19:08,763 [DEBUG] refresh called
2026-02-28 21:19:08,764 [DEBUG] _render_table called, rendering=False
2026-02-28 21:19:08,764 [DEBUG] RenderWorker start: 219 routes, mode=full, sort=desc
2026-02-28 21:19:12,432 [DEBUG] _on_render_done: 7057 rows
2026-02-28 21:19:12,449 [DEBUG] _on_render_done done
2026-02-28 21:19:16,442 [DEBUG] route_num_saved: 'Номер маршрута не определен' -> '1', id=1306045377024
2026-02-28 21:19:16,442 [DEBUG] route_num_saved: fallback по address, обновлён filteredRoutes[137]
2026-02-28 21:19:16,444 [DEBUG] _render_table called, rendering=False
2026-02-28 21:19:16,444 [DEBUG] RenderWorker start: 219 routes, mode=full, sort=desc
2026-02-28 21:19:16,446 [DEBUG] route_num_saved done, no_num_count=0
2026-02-28 21:19:19,958 [DEBUG] _on_render_done: 7057 rows
2026-02-28 21:19:20,053 [DEBUG] _on_render_done done
2026-02-28 21:21:27,643 [DEBUG] _render_table called, rendering=False
2026-02-28 21:21:27,643 [DEBUG] RenderWorker start: 219 routes, mode=full, sort=desc
2026-02-28 21:21:28,172 [DEBUG] _on_render_done: 1211 rows
2026-02-28 21:21:28,266 [DEBUG] _on_render_done done
2026-02-28 21:22:32,967 [INFO] Приложение завершено с кодом 0
2026-03-03 19:03:32,993 [INFO] === Запуск Excel Route Manager ===
2026-03-03 19:03:33,130 [INFO] Переход на стартовую страницу
2026-03-03 19:03:33,131 [DEBUG] navigate -> dashboard
2026-03-03 19:03:33,131 [DEBUG] Создаём страницу: dashboard
2026-03-03 19:03:33,214 [DEBUG] Страница 'dashboard' создана, idx=0
2026-03-03 19:03:33,308 [INFO] Окно показано, запускаем event loop
2026-03-03 19:03:36,431 [DEBUG] navigate -> dashboard
2026-03-03 19:03:42,396 [DEBUG] navigate -> home
2026-03-03 19:03:42,396 [DEBUG] Создаём страницу: home
2026-03-03 19:03:44,595 [DEBUG] Страница 'home' создана, idx=1
2026-03-03 19:04:02,606 [DEBUG] navigate -> preview_general
2026-03-03 19:04:02,606 [DEBUG] Создаём страницу: preview_general
2026-03-03 19:04:02,749 [DEBUG] Страница 'preview_general' создана, idx=2
2026-03-03 19:04:02,761 [DEBUG] refresh called
2026-03-03 19:04:02,763 [DEBUG] _render_table called, rendering=False
2026-03-03 19:04:02,764 [DEBUG] RenderWorker start: 219 routes, mode=full, sort=desc
2026-03-03 19:04:05,398 [DEBUG] _on_render_done: 7057 rows
2026-03-03 19:04:05,439 [DEBUG] _on_render_done done
2026-03-03 19:04:10,458 [DEBUG] route_num_saved: 'Номер маршрута не определен' -> '0', id=2842336153472
2026-03-03 19:04:10,460 [DEBUG] route_num_saved: fallback по address, обновлён filteredRoutes[137]
2026-03-03 19:04:10,753 [DEBUG] _render_table called, rendering=False
2026-03-03 19:04:10,754 [DEBUG] RenderWorker start: 219 routes, mode=full, sort=desc
2026-03-03 19:04:10,755 [DEBUG] route_num_saved done, no_num_count=0
2026-03-03 19:04:13,248 [DEBUG] _on_render_done: 7057 rows
2026-03-03 19:04:13,344 [DEBUG] _on_render_done done
2026-03-03 19:04:21,185 [DEBUG] navigate -> preview_dept
2026-03-03 19:04:21,185 [DEBUG] Создаём страницу: preview_dept
2026-03-03 19:04:21,221 [DEBUG] Страница 'preview_dept' создана, idx=3
2026-03-03 19:08:27,064 [INFO] Приложение завершено с кодом 0
2026-03-03 19:09:56,157 [INFO] === Запуск Excel Route Manager ===
2026-03-03 19:09:56,222 [INFO] Переход на стартовую страницу
2026-03-03 19:09:56,222 [DEBUG] navigate -> dashboard
2026-03-03 19:09:56,223 [DEBUG] Создаём страницу: dashboard
2026-03-03 19:09:56,302 [DEBUG] Страница 'dashboard' создана, idx=0
2026-03-03 19:09:56,444 [INFO] Окно показано, запускаем event loop
2026-03-03 19:10:00,536 [DEBUG] navigate -> home
2026-03-03 19:10:00,537 [DEBUG] Создаём страницу: home
2026-03-03 19:10:01,503 [DEBUG] Страница 'home' создана, idx=1
2026-03-03 19:10:05,211 [DEBUG] navigate -> dashboard
2026-03-03 19:10:06,295 [DEBUG] navigate -> home
2026-03-03 19:10:07,382 [DEBUG] navigate -> dashboard
2026-03-03 19:10:08,066 [DEBUG] navigate -> preview_general
2026-03-03 19:10:08,066 [DEBUG] Создаём страницу: preview_general
2026-03-03 19:10:08,146 [DEBUG] Страница 'preview_general' создана, idx=2
2026-03-03 19:10:08,158 [DEBUG] refresh called
2026-03-03 19:10:08,159 [DEBUG] _render_table called, rendering=False
2026-03-03 19:10:08,160 [DEBUG] RenderWorker start: 219 routes, mode=full, sort=asc
2026-03-03 19:10:10,699 [DEBUG] _on_render_done: 7057 rows
2026-03-03 19:10:10,712 [DEBUG] _on_render_done done
2026-03-03 19:10:24,968 [DEBUG] _render_table called, rendering=False
2026-03-03 19:10:24,969 [DEBUG] RenderWorker start: 220 routes, mode=full, sort=asc
2026-03-03 19:10:27,395 [DEBUG] _on_render_done: 7058 rows
2026-03-03 19:10:27,476 [DEBUG] _on_render_done done
2026-03-03 19:10:32,454 [DEBUG] navigate -> dashboard
2026-03-03 19:10:33,985 [DEBUG] navigate -> preview_general
2026-03-03 19:10:34,011 [DEBUG] refresh called
2026-03-03 19:10:34,012 [DEBUG] _render_table called, rendering=False
2026-03-03 19:10:34,013 [DEBUG] RenderWorker start: 220 routes, mode=full, sort=asc
2026-03-03 19:10:36,408 [DEBUG] _on_render_done: 7058 rows
2026-03-03 19:10:36,486 [DEBUG] _on_render_done done
2026-03-03 19:10:44,396 [DEBUG] navigate -> dashboard
2026-03-03 19:10:47,067 [DEBUG] navigate -> products
2026-03-03 19:10:47,067 [DEBUG] Открываем диалог: products
2026-03-03 19:11:35,562 [DEBUG] navigate -> products
2026-03-03 19:11:35,563 [DEBUG] Открываем диалог: products
2026-03-03 19:11:40,013 [DEBUG] navigate -> departments
2026-03-03 19:11:40,013 [DEBUG] Открываем диалог: departments
2026-03-03 19:12:02,635 [DEBUG] navigate -> departments
2026-03-03 19:12:02,635 [DEBUG] Открываем диалог: departments
2026-03-03 19:12:19,439 [DEBUG] navigate -> templates
2026-03-03 19:12:19,439 [DEBUG] Открываем диалог: templates
2026-03-03 19:22:14,892 [INFO] Приложение завершено с кодом 0
2026-03-03 19:27:34,130 [INFO] === Запуск Excel Route Manager ===
2026-03-03 19:27:34,186 [INFO] Переход на стартовую страницу
2026-03-03 19:27:34,186 [DEBUG] navigate -> dashboard
2026-03-03 19:27:34,187 [DEBUG] Создаём страницу: dashboard
2026-03-03 19:27:34,283 [DEBUG] Страница 'dashboard' создана, idx=0
2026-03-03 19:27:34,413 [INFO] Окно показано, запускаем event loop
2026-03-03 19:27:36,528 [DEBUG] navigate -> preview_general
2026-03-03 19:27:36,529 [DEBUG] Создаём страницу: preview_general
2026-03-03 19:27:36,644 [DEBUG] Страница 'preview_general' создана, idx=1
2026-03-03 19:27:37,579 [DEBUG] refresh called
2026-03-03 19:27:37,580 [DEBUG] _render_table called, rendering=False
2026-03-03 19:27:37,581 [DEBUG] RenderWorker start: 220 routes, mode=full, sort=asc
2026-03-03 19:27:40,235 [DEBUG] _on_render_done: 7058 rows
2026-03-03 19:27:40,248 [DEBUG] _on_render_done done
2026-03-03 19:27:50,658 [DEBUG] navigate -> dashboard
2026-03-03 19:27:52,429 [DEBUG] navigate -> home
2026-03-03 19:27:52,430 [DEBUG] Создаём страницу: home
2026-03-03 19:27:52,443 [DEBUG] Страница 'home' создана, idx=2
2026-03-03 19:28:00,102 [DEBUG] navigate -> preview_general
2026-03-03 19:28:00,129 [DEBUG] refresh called
2026-03-03 19:28:00,131 [DEBUG] _render_table called, rendering=False
2026-03-03 19:28:00,131 [DEBUG] RenderWorker start: 219 routes, mode=full, sort=asc
2026-03-03 19:28:02,636 [DEBUG] _on_render_done: 7057 rows
2026-03-03 19:28:02,719 [DEBUG] _on_render_done done
2026-03-03 19:28:06,098 [DEBUG] route_num_saved: 'Номер маршрута не определен' -> '0', id=2783970755648
2026-03-03 19:28:06,099 [DEBUG] route_num_saved: fallback по address, обновлён filteredRoutes[137]
2026-03-03 19:28:06,372 [DEBUG] _render_table called, rendering=False
2026-03-03 19:28:06,372 [DEBUG] RenderWorker start: 219 routes, mode=full, sort=asc
2026-03-03 19:28:06,373 [DEBUG] route_num_saved done, no_num_count=0
2026-03-03 19:28:08,892 [DEBUG] _on_render_done: 7057 rows
2026-03-03 19:28:08,975 [DEBUG] _on_render_done done
2026-03-03 19:28:20,971 [DEBUG] navigate -> preview_dept
2026-03-03 19:28:20,973 [DEBUG] Создаём страницу: preview_dept
2026-03-03 19:28:21,039 [DEBUG] Страница 'preview_dept' создана, idx=3
2026-03-03 19:28:23,898 [DEBUG] navigate -> preview_general
2026-03-03 19:28:23,926 [DEBUG] refresh called
2026-03-03 19:28:23,951 [DEBUG] _render_table called, rendering=False
2026-03-03 19:28:23,957 [DEBUG] RenderWorker start: 219 routes, mode=full, sort=asc
2026-03-03 19:28:26,578 [DEBUG] _on_render_done: 7057 rows
2026-03-03 19:28:26,668 [DEBUG] _on_render_done done
2026-03-03 19:28:32,291 [DEBUG] navigate -> dashboard
2026-03-03 19:28:41,377 [DEBUG] navigate -> preview_general
2026-03-03 19:28:41,404 [DEBUG] refresh called
2026-03-03 19:28:41,405 [DEBUG] _render_table called, rendering=False
2026-03-03 19:28:41,405 [DEBUG] RenderWorker start: 219 routes, mode=full, sort=asc
2026-03-03 19:28:43,887 [DEBUG] _on_render_done: 7057 rows
2026-03-03 19:28:43,974 [DEBUG] _on_render_done done
2026-03-03 19:29:34,536 [DEBUG] navigate -> dashboard
2026-03-03 19:29:35,827 [DEBUG] navigate -> preview_general
2026-03-03 19:29:35,855 [DEBUG] refresh called
2026-03-03 19:29:35,856 [DEBUG] _render_table called, rendering=False
2026-03-03 19:29:35,856 [DEBUG] RenderWorker start: 219 routes, mode=full, sort=asc
2026-03-03 19:29:38,380 [DEBUG] _on_render_done: 7057 rows
2026-03-03 19:29:38,459 [DEBUG] _on_render_done done
2026-03-03 19:29:40,710 [DEBUG] navigate -> dashboard
2026-03-03 19:29:41,549 [DEBUG] navigate -> home
2026-03-03 19:29:44,612 [DEBUG] navigate -> preview_general
2026-03-03 19:29:44,637 [DEBUG] refresh called
2026-03-03 19:29:44,638 [DEBUG] _render_table called, rendering=False
2026-03-03 19:29:44,639 [DEBUG] RenderWorker start: 219 routes, mode=full, sort=asc
2026-03-03 19:29:47,113 [DEBUG] _on_render_done: 7057 rows
2026-03-03 19:29:47,199 [DEBUG] _on_render_done done
2026-03-03 19:29:53,044 [DEBUG] route_num_saved: 'Номер маршрута не определен' -> '0', id=2784976193600
2026-03-03 19:29:53,044 [DEBUG] route_num_saved: fallback по address, обновлён filteredRoutes[137]
2026-03-03 19:29:53,235 [DEBUG] _render_table called, rendering=False
2026-03-03 19:29:53,236 [DEBUG] RenderWorker start: 219 routes, mode=full, sort=asc
2026-03-03 19:29:53,237 [DEBUG] route_num_saved done, no_num_count=0
2026-03-03 19:29:54,781 [DEBUG] _on_render_done: 7057 rows
2026-03-03 19:29:54,839 [DEBUG] _on_render_done done
2026-03-03 19:30:00,636 [DEBUG] _render_table called, rendering=False
2026-03-03 19:30:00,637 [DEBUG] RenderWorker start: 219 routes, mode=addr, sort=asc
2026-03-03 19:30:00,691 [DEBUG] _on_render_done: 219 rows
2026-03-03 19:30:00,771 [DEBUG] _on_render_done done
2026-03-03 19:30:10,972 [DEBUG] navigate -> preview_dept
2026-03-03 19:30:25,803 [INFO] Приложение завершено с кодом 0
2026-03-03 19:50:02,816 [INFO] === Запуск Excel Route Manager ===
2026-03-03 19:50:02,897 [INFO] Переход на стартовую страницу
2026-03-03 19:50:02,898 [DEBUG] navigate -> dashboard
2026-03-03 19:50:02,898 [DEBUG] Создаём страницу: dashboard
2026-03-03 19:50:03,013 [DEBUG] Страница 'dashboard' создана, idx=0
2026-03-03 19:50:03,164 [INFO] Окно показано, запускаем event loop
2026-03-03 19:50:18,741 [DEBUG] navigate -> home
2026-03-03 19:50:18,742 [DEBUG] Создаём страницу: home
2026-03-03 19:50:19,677 [DEBUG] Страница 'home' создана, idx=1
2026-03-03 19:52:22,181 [DEBUG] navigate -> preview_general
2026-03-03 19:52:22,181 [DEBUG] Создаём страницу: preview_general
2026-03-03 19:52:22,313 [DEBUG] Страница 'preview_general' создана, idx=2
2026-03-03 19:52:22,331 [DEBUG] refresh called
2026-03-03 19:52:22,333 [DEBUG] _render_table called, rendering=False
2026-03-03 19:52:22,334 [DEBUG] RenderWorker start: 371 routes, mode=full, sort=asc
2026-03-03 19:52:26,767 [DEBUG] _on_render_done: 12159 rows
2026-03-03 19:52:26,789 [DEBUG] _on_render_done done
2026-03-03 19:52:47,451 [DEBUG] route_num_saved: 'Номер маршрута не определен' -> '1', id=2394409736000
2026-03-03 19:52:47,452 [DEBUG] route_num_saved: fallback по address, обновлён filteredRoutes[137]
2026-03-03 19:52:48,206 [DEBUG] _render_table called, rendering=False
2026-03-03 19:52:48,206 [DEBUG] RenderWorker start: 371 routes, mode=full, sort=asc
2026-03-03 19:52:48,208 [DEBUG] route_num_saved done, no_num_count=9
2026-03-03 19:52:52,649 [DEBUG] _on_render_done: 12159 rows
2026-03-03 19:52:52,795 [DEBUG] _on_render_done done
2026-03-03 19:52:54,644 [DEBUG] _render_table called, rendering=False
2026-03-03 19:52:54,645 [DEBUG] RenderWorker start: 371 routes, mode=addr, sort=asc
2026-03-03 19:52:54,779 [DEBUG] _on_render_done: 371 rows
2026-03-03 19:52:54,913 [DEBUG] _on_render_done done
2026-03-03 19:52:59,708 [DEBUG] route_num_saved: 'Номер маршрута не определен' -> '0', id=2394409740288
2026-03-03 19:52:59,708 [DEBUG] route_num_saved: fallback по address, обновлён filteredRoutes[219]
2026-03-03 19:53:00,412 [DEBUG] _render_table called, rendering=False
2026-03-03 19:53:00,412 [DEBUG] RenderWorker start: 371 routes, mode=addr, sort=asc
2026-03-03 19:53:00,413 [DEBUG] route_num_saved done, no_num_count=8
2026-03-03 19:53:00,538 [DEBUG] _on_render_done: 371 rows
2026-03-03 19:53:00,543 [DEBUG] _on_render_done done
2026-03-03 19:53:12,689 [INFO] Приложение завершено с кодом 0
2026-03-03 20:06:47,835 [INFO] === Запуск Excel Route Manager ===
2026-03-03 20:06:47,904 [INFO] Переход на стартовую страницу
2026-03-03 20:06:47,904 [DEBUG] navigate -> dashboard
2026-03-03 20:06:47,904 [DEBUG] Создаём страницу: dashboard
2026-03-03 20:06:47,984 [DEBUG] Страница 'dashboard' создана, idx=0
2026-03-03 20:06:48,208 [INFO] Окно показано, запускаем event loop
2026-03-03 20:06:50,758 [DEBUG] navigate -> preview_general
2026-03-03 20:06:50,759 [DEBUG] Создаём страницу: preview_general
2026-03-03 20:06:50,957 [DEBUG] Страница 'preview_general' создана, idx=1
2026-03-03 20:06:51,844 [DEBUG] refresh called
2026-03-03 20:06:51,845 [DEBUG] _render_table called, rendering=False
2026-03-03 20:06:51,846 [DEBUG] RenderWorker start: 371 routes, mode=full, sort=asc
2026-03-03 20:06:56,249 [DEBUG] _on_render_done: 12159 rows
2026-03-03 20:06:56,263 [DEBUG] _on_render_done done
2026-03-03 20:07:00,876 [DEBUG] navigate -> dashboard
2026-03-03 20:07:02,909 [DEBUG] navigate -> labels
2026-03-03 20:07:02,910 [DEBUG] Создаём страницу: labels
2026-03-03 20:07:02,928 [DEBUG] Страница 'labels' создана, idx=2
2026-03-03 20:07:11,591 [DEBUG] navigate -> settings
2026-03-03 20:07:11,592 [DEBUG] Открываем диалог: settings
2026-03-03 20:08:40,992 [DEBUG] navigate -> departments
2026-03-03 20:08:40,992 [DEBUG] Открываем диалог: departments
2026-03-03 20:09:01,249 [INFO] Приложение завершено с кодом 0
2026-03-03 20:11:52,934 [INFO] === Запуск Excel Route Manager ===
2026-03-03 20:11:52,994 [INFO] Переход на стартовую страницу
2026-03-03 20:11:52,995 [DEBUG] navigate -> dashboard
2026-03-03 20:11:52,995 [DEBUG] Создаём страницу: dashboard
2026-03-03 20:11:53,070 [DEBUG] Страница 'dashboard' создана, idx=0
2026-03-03 20:11:53,255 [INFO] Окно показано, запускаем event loop
2026-03-03 20:11:56,972 [DEBUG] navigate -> settings
2026-03-03 20:11:56,972 [DEBUG] Открываем диалог: settings
2026-03-03 20:41:20,859 [INFO] Приложение завершено с кодом 0
2026-03-03 20:54:15,745 [INFO] === Запуск Excel Route Manager ===
2026-03-03 20:54:15,819 [INFO] Переход на стартовую страницу
2026-03-03 20:54:15,821 [DEBUG] navigate -> dashboard
2026-03-03 20:54:15,822 [DEBUG] Создаём страницу: dashboard
2026-03-03 20:54:15,949 [DEBUG] Страница 'dashboard' создана, idx=0
2026-03-03 20:54:16,199 [INFO] Окно показано, запускаем event loop
2026-03-03 20:54:18,290 [DEBUG] navigate -> labels
2026-03-03 20:54:18,291 [DEBUG] Создаём страницу: labels
2026-03-03 20:54:18,385 [DEBUG] Страница 'labels' создана, idx=1
2026-03-03 20:54:23,224 [DEBUG] navigate -> preview_general
2026-03-03 20:54:23,225 [DEBUG] Создаём страницу: preview_general
2026-03-03 20:54:23,383 [DEBUG] Страница 'preview_general' создана, idx=2
2026-03-03 20:54:24,216 [DEBUG] refresh called
2026-03-03 20:54:24,219 [DEBUG] _render_table called, rendering=False
2026-03-03 20:54:24,219 [DEBUG] RenderWorker start: 219 routes, mode=full, sort=asc
2026-03-03 20:54:26,816 [DEBUG] _on_render_done: 7057 rows
2026-03-03 20:54:26,831 [DEBUG] _on_render_done done
2026-03-03 20:54:33,076 [DEBUG] navigate -> settings
2026-03-03 20:54:33,076 [DEBUG] Открываем диалог: settings
2026-03-03 20:55:30,666 [DEBUG] navigate -> products
2026-03-03 20:55:30,666 [DEBUG] Открываем диалог: products
2026-03-03 20:55:30,704 [CRITICAL] Ошибка при открытии products:
Traceback (most recent call last):
  File "c:\Users\geniy\OneDrive\Рабочий стол\Python_Exel_Redactior\1\excel_route_py_Копия\app.py", line 136, in _open_products
    open_modal(window, window.app_state)
    ~~~~~~~~~~^^^^^^^^^^^^^^^^^^^^^^^^^^
  File "c:\Users\geniy\OneDrive\Рабочий стол\Python_Exel_Redactior\1\excel_route_py_Копия\ui\pages\products_page.py", line 288, in open_modal
    dlg = ProductsDialog(app_state, parent=parent)
  File "c:\Users\geniy\OneDrive\Рабочий стол\Python_Exel_Redactior\1\excel_route_py_Копия\ui\pages\products_page.py", line 30, in __init__
    self._build_ui()
    ~~~~~~~~~~~~~~^^
  File "c:\Users\geniy\OneDrive\Рабочий стол\Python_Exel_Redactior\1\excel_route_py_Копия\ui\pages\products_page.py", line 80, in _build_ui
    self.combo_variant = QComboBox()
                         ^^^^^^^^^
NameError: name 'QComboBox' is not defined

2026-03-03 20:55:35,955 [DEBUG] navigate -> products
2026-03-03 20:55:35,956 [DEBUG] Открываем диалог: products
2026-03-03 20:55:35,976 [CRITICAL] Ошибка при открытии products:
Traceback (most recent call last):
  File "c:\Users\geniy\OneDrive\Рабочий стол\Python_Exel_Redactior\1\excel_route_py_Копия\app.py", line 136, in _open_products
    open_modal(window, window.app_state)
    ~~~~~~~~~~^^^^^^^^^^^^^^^^^^^^^^^^^^
  File "c:\Users\geniy\OneDrive\Рабочий стол\Python_Exel_Redactior\1\excel_route_py_Копия\ui\pages\products_page.py", line 288, in open_modal
    dlg = ProductsDialog(app_state, parent=parent)
  File "c:\Users\geniy\OneDrive\Рабочий стол\Python_Exel_Redactior\1\excel_route_py_Копия\ui\pages\products_page.py", line 30, in __init__
    self._build_ui()
    ~~~~~~~~~~~~~~^^
  File "c:\Users\geniy\OneDrive\Рабочий стол\Python_Exel_Redactior\1\excel_route_py_Копия\ui\pages\products_page.py", line 80, in _build_ui
    self.combo_variant = QComboBox()
                         ^^^^^^^^^
NameError: name 'QComboBox' is not defined

2026-03-03 20:55:37,841 [DEBUG] navigate -> templates
2026-03-03 20:55:37,842 [DEBUG] Открываем диалог: templates
2026-03-03 20:56:02,731 [DEBUG] navigate -> settings
2026-03-03 20:56:02,731 [DEBUG] Открываем диалог: settings
2026-03-03 20:56:12,404 [DEBUG] navigate -> dashboard
2026-03-03 20:56:15,364 [DEBUG] navigate -> labels
2026-03-03 20:56:27,541 [DEBUG] navigate -> settings
2026-03-03 20:56:27,541 [DEBUG] Открываем диалог: settings
2026-03-03 21:05:35,060 [DEBUG] navigate -> dashboard
2026-03-03 21:05:43,369 [DEBUG] navigate -> dashboard
2026-03-03 21:05:43,459 [DEBUG] navigate -> dashboard
2026-03-03 21:05:44,042 [DEBUG] navigate -> dashboard
2026-03-03 21:05:47,451 [DEBUG] navigate -> departments
2026-03-03 21:05:47,451 [DEBUG] Открываем диалог: departments
2026-03-03 21:06:39,688 [DEBUG] navigate -> departments
2026-03-03 21:06:39,688 [DEBUG] Открываем диалог: departments
2026-03-03 21:07:36,861 [INFO] Приложение завершено с кодом 0
2026-03-03 21:08:36,608 [INFO] === Запуск Excel Route Manager ===
2026-03-03 21:08:36,664 [INFO] Переход на стартовую страницу
2026-03-03 21:08:36,665 [DEBUG] navigate -> dashboard
2026-03-03 21:08:36,665 [DEBUG] Создаём страницу: dashboard
2026-03-03 21:08:36,773 [DEBUG] Страница 'dashboard' создана, idx=0
2026-03-03 21:08:36,998 [INFO] Окно показано, запускаем event loop
2026-03-03 21:08:38,955 [DEBUG] navigate -> products
2026-03-03 21:08:38,955 [DEBUG] Открываем диалог: products
2026-03-03 21:08:38,985 [CRITICAL] Ошибка при открытии products:
Traceback (most recent call last):
  File "c:\Users\geniy\OneDrive\Рабочий стол\Python_Exel_Redactior\1\excel_route_py_Копия\app.py", line 136, in _open_products
    open_modal(window, window.app_state)
    ~~~~~~~~~~^^^^^^^^^^^^^^^^^^^^^^^^^^
  File "c:\Users\geniy\OneDrive\Рабочий стол\Python_Exel_Redactior\1\excel_route_py_Копия\ui\pages\products_page.py", line 288, in open_modal
    dlg = ProductsDialog(app_state, parent=parent)
  File "c:\Users\geniy\OneDrive\Рабочий стол\Python_Exel_Redactior\1\excel_route_py_Копия\ui\pages\products_page.py", line 30, in __init__
    self._build_ui()
    ~~~~~~~~~~~~~~^^
  File "c:\Users\geniy\OneDrive\Рабочий стол\Python_Exel_Redactior\1\excel_route_py_Копия\ui\pages\products_page.py", line 80, in _build_ui
    self.combo_variant = QComboBox()
                         ^^^^^^^^^
NameError: name 'QComboBox' is not defined

2026-03-03 21:08:46,305 [DEBUG] navigate -> departments
2026-03-03 21:08:46,305 [DEBUG] Открываем диалог: departments
2026-03-03 21:08:52,487 [INFO] Приложение завершено с кодом 0
